Loading vcftools/0.1.13
  Loading requirement: tabix/0.2.6
IQ-TREE multicore version 2.1.1 COVID-edition for Linux 64-bit built Aug 22 2020
Developed by Bui Quang Minh, James Barbetti, Nguyen Lam Tung,
Olga Chernomor, Heiko Schmidt, Dominik Schrempf, Michael Woodhams.

Host:    m02 (AVX, 503 GB RAM)
Command: iqtree2 -nt 2 -s 119.LSU.fasta -b 1000
Seed:    883082 (Using SPRNG - Scalable Parallel Random Number Generator)
Time:    Thu Feb  3 21:20:51 2022
Kernel:  AVX - 2 threads (2 CPU cores detected)

Reading alignment file 119.LSU.fasta ... Fasta format detected
ERROR: Sequence ZalalbDAOMC250847|Zalaria_alba_DAOM contains too many characters (100)
ERROR: Sequence UncfunLX042399|Uncultured_fungus_LX042399-122-056-F01 contains too many characters (91)
ERROR: Sequence UncfunHG764536|Uncultured_fungus_HG764536 contains too many characters (60)
ERROR: Sequence StispMK136|Stigmina_sp._mk136 contains not enough characters (41)
ERROR: Sequence SarcruUAMH4286|Sarcinomyces_crustaceus_UAMH contains too many characters (100)
ERROR: Sequence UncfunL049481|Uncultured_fungus_L049481H09 contains too many characters (91)
ERROR: Sequence UncfunLR993703|Uncultured_fungus_LR993703.1 contains too many characters (945)
ERROR: Sequence Funend9042|Fungal_endophyte_9042 contains too many characters (51)
ERROR: Sequence AurspRF2017a|Aureobasidium_sp._RF-2017a contains not enough characters (48)
ERROR: Sequence ZarlobsDAOMC250849|Zalaria_obscura_DAOM contains too many characters (100)
ERROR: Sequence SchspJY119|Schwanniomyces_sp._JY119 contains too many characters (61)
ERROR: Sequence ElsfawCBS13925|Elsinoe_fawcettii_CBS contains not enough characters (48)
ERROR: Sequence DelbalDJOB080615|Delphinella_balsameae_DJO-B-080615-A4 contains not enough characters (46)
ERROR: Sequence DelstroCBS73571|Delphinella_strobiligena_CBS contains not enough characters (42)
ERROR: Sequence SydpolRBEB250515|Sydowia_polyspora_RBE-B-250515-A2 contains not enough characters (46)
ERROR: Sequence MyrdurCBS26036|Myriangium_duriaei_CBS contains not enough characters (49)
ERROR: Sequence MyrharCBS30034|Myriangium_haraeanum_CBS contains not enough characters (49)
ERROR: Sequence MyrspEF109|Myriangium_sp._EF109 contains not enough characters (46)
ERROR: 
