IQ-TREE multicore version 2.1.1 COVID-edition for Linux 64-bit built Aug 22 2020
Developed by Bui Quang Minh, James Barbetti, Nguyen Lam Tung,
Olga Chernomor, Heiko Schmidt, Dominik Schrempf, Michael Woodhams.

Host:    m02 (AVX, 503 GB RAM)
Command: iqtree2 -s Knuf.rDNA_multi.mfa -p Knufia_multi.partitions.nex -nt AUTO -pre Knuf.rDNA_multi.partitioned -bb 1000 -alrt 1000
Seed:    925167 (Using SPRNG - Scalable Parallel Random Number Generator)
Time:    Sat Feb  5 10:54:37 2022
Kernel:  AVX - auto-detect threads (4 CPU cores detected)

Reading partition model file Knufia_multi.partitions.nex ...
Reading alignment file Knuf.rDNA_multi.mfa ... Fasta format detected
Alignment most likely contains DNA/RNA sequences
Alignment has 64 sequences with 1410 columns, 540 distinct patterns
259 parsimony-informative, 166 singleton sites, 984 constant sites
                          Gap/Ambiguity  Composition  p-value
   1  SarcruUAMH4286             54.96%    passed      5.76%
   2  PhanigUAMH4084             64.61%    passed     65.83%
   3  ExoderCBS20735             54.54%    passed     84.40%
   4  LitaloCPC35996             58.23%    passed     31.80%
   5  LitgutM1                   58.65%    passed     30.07%
   6  LitspCCFEE6069             58.72%    passed     26.20%
   7  KnuspDTO305D4              58.09%    passed     74.75%
   8  NeocatUAMH4357             60.35%    passed     75.61%
   9  uncExo                     53.69%    passed     90.23%
  10  Knusp112                   62.48%    passed     91.65%
  11  uncfun4                    56.52%    passed     93.81%
  12  uncfun5                    65.89%    passed     88.49%
  13  uncfun1                    48.16%    passed     96.41%
  14  KnuspFH2012                60.78%    passed     72.80%
  15  ArtcauCBS45767             60.28%    passed     50.25%
  16  ArtfulCBS136243            60.43%    passed     78.50%
  17  ArttarCBS127021            60.43%    passed     73.92%
  18  ArttroCBS134926            56.17%    passed     94.97%
  19  KnucryDAOM216555           53.69%    passed     73.16%
  20  KnuendUAMH10396            61.35%    passed     54.22%
  21  KnuspCBMAI2122             65.11%    passed     90.39%
  22  KnuperIRAN2553C            61.13%    passed     95.07%
  23  KnuepiCBS120353            61.70%    passed     56.45%
  24  ConspCBS123466             61.99%    passed     68.04%
  25  KnuepiCCFEE5813            59.01%    passed     60.01%
  26  KnuepiCCFEE5814            60.50%    passed     59.79%
  27  KnumedCCFEE6205            58.30%    passed     73.71%
  28  KnumedCCFEE6211            53.83%    passed     93.03%
  29  KnumedCBS139721            57.59%    passed     74.92%
  30  KnumedCCFEE5768            57.45%    passed     74.16%
  31  KnumarCCFEE5726            66.31%    passed     92.36%
  32  KnusepCGMCC317337          61.42%    passed     96.44%
  33  KnuspSD2017                52.34%    passed     83.58%
  34  CappelUAMH11090            61.42%    passed     95.89%
  35  KnuvatCBS139722            57.02%    passed     86.19%
  36  KnuvalCBS146989            55.96%    passed     96.85%
  37  KnupetCBS72695             56.95%    passed     99.70%
  38  KnupetA95                  54.11%    passed     95.05%
  39  PhacheCH49                 17.02%    failed      4.26%
  40  SarpetNIOCCY8              62.84%    passed     98.59%
  41  KnuspF1A                   59.57%    passed     99.12%
  42  KnutsuFMR10621             62.20%    passed     97.32%
  43  KnuspMV2018                46.74%    passed     85.05%
  44  KnuperCBS88595             60.78%    passed     81.33%
  45  KnucalCGMCC317222          61.42%    passed     97.73%
  46  KnuspLS-2015bCGMCC317301   60.78%    passed     94.44%
  47  KnucheGS100178             61.56%    passed     97.14%
  48  KnukarCCFEE6001            59.22%    passed     97.14%
  49  KnukarCCFEE5732            59.57%    passed     97.55%
  50  KnukarCCFEE5921            57.59%    passed     98.29%
  51  KnukarCBS139720            53.55%    passed     96.35%
  52  KnukarCCFEE5929            61.63%    passed     86.81%
  53  KnumarCCFEE5721            59.86%    passed     99.11%
  54  KnumarCCFEE5923            60.57%    passed     99.76%
  55  KnumarCCFEE5725            59.57%    passed     99.74%
  56  KnumarCCFEE5716            59.93%    passed     99.89%
  57  KnumarCCFEE5902            59.79%    passed     99.45%
  58  KnumarCBS139726            61.56%    passed     98.37%
  59  KnumarCCFEE6201            57.59%    passed     99.88%
  60  KnumarCCFEE5886            55.60%    passed     98.35%
  61  KnumarCCFEE5892            57.73%    passed     99.96%
  62  KnuspCF285360              18.87%    failed      4.24%
  63  KnuspNWHC45700969          61.21%    passed     95.91%
  64  uncfun2                    82.84%    passed     76.60%
WARNING: 60 sequences contain more than 50% gaps/ambiguity
****  TOTAL                      57.96%  2 sequences failed composition chi2 test (p-value<5%; df=3)

Loading 5 partitions...
Subset	Type	Seqs	Sites	Infor	Invar	Model	Name
1	DNA	64	261	126	81	TIM2e+G4	ITS1
2	DNA	63	234	121	65	TPM2+F+G4	ITS2
3	DNA	63	160	73	53	JC+I	5_8S
4	DNA	64	607	251	239	JC	LSU
5	DNA	63	168	80	54	JC	SSU
Degree of missing data: 0.006
Info: multi-threading strategy over partitions

NOTE: KnupetA95 is identical to KnupetCBS72695 but kept for subsequent analysis
NOTE: KnumarCCFEE5886 is identical to KnumarCCFEE6201 but kept for subsequent analysis
NOTE: 1 identical sequences (see below) will be ignored for subsequent analysis
NOTE: KnumarCCFEE5892 (identical to KnumarCCFEE6201) is ignored but added at the end
Alignment was printed to Knuf.rDNA_multi.partitioned.uniqueseq.phy

For your convenience alignment with unique sequences printed to Knuf.rDNA_multi.partitioned.uniqueseq.phy

Create initial parsimony tree by phylogenetic likelihood library (PLL)... 0.025 seconds
Generating 1000 samples for ultrafast bootstrap (seed: 925167)...

NOTE: 8 MB RAM (0 GB) is required!
Measuring multi-threading efficiency up to 4 CPU cores
Increase to 10 rounds for branch lengths
13 trees examined
Threads: 1 / Time: 4.312 sec / Speedup: 1.000 / Efficiency: 100% / LogL: -25510
Threads: 2 / Time: 2.764 sec / Speedup: 1.560 / Efficiency: 78% / LogL: -25510
Threads: 3 / Time: 2.589 sec / Speedup: 1.665 / Efficiency: 56% / LogL: -25510
Threads: 4 / Time: 2.636 sec / Speedup: 1.636 / Efficiency: 41% / LogL: -25510
BEST NUMBER OF THREADS: 3

Estimate model parameters (epsilon = 0.100)
Initial log-likelihood: -16244.101
Current log-likelihood at step 1: -15918.171
Current log-likelihood at step 2: -15913.118
Current log-likelihood at step 3: -15913.008
Current log-likelihood at step 4: -15913.001
Partition-specific rates:  1.533 1.569 0.753 0.688 0.742
Parameters optimization took 3 rounds (0.543 sec)

Computing ML distances based on estimated model parameters...
Computing ML distances took 0.000687 sec (of wall-clock time) 0.001053 sec(of CPU time)
WARNING: Some pairwise ML distances are too long (saturated)
Computing RapidNJ tree took 0.003100 sec (of wall-clock time) 0.010033 sec (of CPU time)
Log-likelihood of RapidNJ tree: -24356.507
--------------------------------------------------------------------
|             INITIALIZING CANDIDATE TREE SET                      |
--------------------------------------------------------------------
Generating 98 parsimony trees... 3.431 second
Computing log-likelihood of 98 initial trees ... 3.052 seconds
Current best score: -15889.991

Do NNI search on 20 best initial trees
Estimate model parameters (epsilon = 0.100)
Initial log-likelihood: -15874.022
Current log-likelihood at step 1: -15873.684
Current log-likelihood at step 2: -15873.677
Parameters optimization took 1 rounds (0.199 sec)

BETTER TREE FOUND at iteration 1: -15873.677
Estimate model parameters (epsilon = 0.100)
Initial log-likelihood: -15873.094
Current log-likelihood at step 1: -15872.946
Current log-likelihood at step 2: -15872.943
Parameters optimization took 1 rounds (0.165 sec)

BETTER TREE FOUND at iteration 4: -15872.943
Iteration 10 / LogL: -15912.437 / Time: 0h:0m:25s
Iteration 20 / LogL: -15906.280 / Time: 0h:0m:31s
Finish initializing candidate tree set (20)
Current best tree score: -15872.943 / CPU time: 17.734
Number of iterations: 20
--------------------------------------------------------------------
|               OPTIMIZING CANDIDATE TREE SET                      |
--------------------------------------------------------------------
Estimate model parameters (epsilon = 0.100)
Initial log-likelihood: -15862.682
Current log-likelihood at step 1: -15862.604
Parameters optimization took 0 rounds (0.098 sec)

BETTER TREE FOUND at iteration 24: -15862.604
BETTER TREE FOUND at iteration 25: -15862.604
Iteration 30 / LogL: -15871.659 / Time: 0h:0m:39s (0h:2m:8s left)
Iteration 40 / LogL: -15874.045 / Time: 0h:0m:46s (0h:1m:42s left)
Iteration 50 / LogL: -15883.595 / Time: 0h:0m:54s (0h:1m:22s left)
Log-likelihood cutoff on original alignment: -15932.140
Iteration 60 / LogL: -15862.606 / Time: 0h:1m:1s (0h:1m:7s left)
Iteration 70 / LogL: -15862.606 / Time: 0h:1m:8s (0h:0m:54s left)
Iteration 80 / LogL: -15870.821 / Time: 0h:1m:16s (0h:0m:43s left)
Iteration 90 / LogL: -15877.758 / Time: 0h:1m:24s (0h:0m:33s left)
Iteration 100 / LogL: -15904.384 / Time: 0h:1m:32s (0h:0m:23s left)
Log-likelihood cutoff on original alignment: -15932.140
NOTE: Bootstrap correlation coefficient of split occurrence frequencies: 0.998
Estimate model parameters (epsilon = 0.100)
Initial log-likelihood: -15853.347
Current log-likelihood at step 1: -15852.998
Current log-likelihood at step 2: -15852.987
Parameters optimization took 1 rounds (0.186 sec)

BETTER TREE FOUND at iteration 105: -15852.987
Iteration 110 / LogL: -15897.667 / Time: 0h:1m:40s (0h:1m:27s left)
Iteration 120 / LogL: -15862.900 / Time: 0h:1m:48s (0h:1m:17s left)
BETTER TREE FOUND at iteration 129: -15852.985
Iteration 130 / LogL: -15919.706 / Time: 0h:1m:55s (0h:1m:28s left)
Iteration 140 / LogL: -15881.547 / Time: 0h:2m:4s (0h:1m:19s left)
Iteration 150 / LogL: -15858.528 / Time: 0h:2m:12s (0h:1m:10s left)
Log-likelihood cutoff on original alignment: -15932.140
Iteration 160 / LogL: -15876.297 / Time: 0h:2m:20s (0h:1m:1s left)
Iteration 170 / LogL: -15852.987 / Time: 0h:2m:29s (0h:0m:52s left)
Iteration 180 / LogL: -15928.625 / Time: 0h:2m:36s (0h:0m:42s left)
UPDATE BEST LOG-LIKELIHOOD: -15852.985
Iteration 190 / LogL: -15852.985 / Time: 0h:2m:44s (0h:0m:33s left)
Iteration 200 / LogL: -15852.987 / Time: 0h:2m:51s (0h:0m:25s left)
Log-likelihood cutoff on original alignment: -15932.140
NOTE: Bootstrap correlation coefficient of split occurrence frequencies: 0.954
NOTE: UFBoot does not converge, continue at least 100 more iterations
Estimate model parameters (epsilon = 0.100)
Initial log-likelihood: -15848.553
Current log-likelihood at step 1: -15848.415
Current log-likelihood at step 2: -15848.410
Parameters optimization took 1 rounds (0.157 sec)

BETTER TREE FOUND at iteration 209: -15848.410
Iteration 210 / LogL: -15857.267 / Time: 0h:3m:0s (0h:1m:25s left)
Estimate model parameters (epsilon = 0.100)
Initial log-likelihood: -15846.086
Current log-likelihood at step 1: -15846.081
Parameters optimization took 0 rounds (0.084 sec)

BETTER TREE FOUND at iteration 219: -15846.081
Iteration 220 / LogL: -15853.084 / Time: 0h:3m:8s (0h:1m:25s left)
Iteration 230 / LogL: -15866.999 / Time: 0h:3m:17s (0h:1m:16s left)
BETTER TREE FOUND at iteration 237: -15846.080
Iteration 240 / LogL: -15874.204 / Time: 0h:3m:25s (0h:1m:23s left)
Iteration 250 / LogL: -15847.772 / Time: 0h:3m:34s (0h:1m:14s left)
Log-likelihood cutoff on original alignment: -15932.140
Iteration 260 / LogL: -15846.080 / Time: 0h:3m:42s (0h:1m:6s left)
Iteration 270 / LogL: -15846.080 / Time: 0h:3m:50s (0h:0m:57s left)
Iteration 280 / LogL: -15934.362 / Time: 0h:3m:59s (0h:0m:48s left)
Iteration 290 / LogL: -15851.452 / Time: 0h:4m:8s (0h:0m:40s left)
Iteration 300 / LogL: -15846.081 / Time: 0h:4m:16s (0h:0m:31s left)
Log-likelihood cutoff on original alignment: -15932.140
NOTE: Bootstrap correlation coefficient of split occurrence frequencies: 0.973
NOTE: UFBoot does not converge, continue at least 100 more iterations
Iteration 310 / LogL: -15846.081 / Time: 0h:4m:26s (0h:1m:17s left)
Iteration 320 / LogL: -15854.445 / Time: 0h:4m:34s (0h:1m:8s left)
Iteration 330 / LogL: -15847.904 / Time: 0h:4m:42s (0h:1m:0s left)
Iteration 340 / LogL: -15880.368 / Time: 0h:4m:51s (0h:0m:51s left)
UPDATE BEST LOG-LIKELIHOOD: -15846.080
Iteration 350 / LogL: -15846.080 / Time: 0h:5m:0s (0h:0m:42s left)
Log-likelihood cutoff on original alignment: -15932.140
Iteration 360 / LogL: -15885.174 / Time: 0h:5m:9s (0h:0m:34s left)
Iteration 370 / LogL: -15890.285 / Time: 0h:5m:17s (0h:0m:25s left)
Iteration 380 / LogL: -15846.082 / Time: 0h:5m:25s (0h:0m:17s left)
Iteration 390 / LogL: -15846.080 / Time: 0h:5m:35s (0h:0m:8s left)
UPDATE BEST LOG-LIKELIHOOD: -15846.079
Iteration 400 / LogL: -15853.943 / Time: 0h:5m:44s (0h:0m:0s left)
Log-likelihood cutoff on original alignment: -15932.140
NOTE: Bootstrap correlation coefficient of split occurrence frequencies: 0.969
NOTE: UFBoot does not converge, continue at least 100 more iterations
Iteration 410 / LogL: -15877.852 / Time: 0h:5m:53s (0h:1m:17s left)
Iteration 420 / LogL: -15864.351 / Time: 0h:6m:2s (0h:1m:9s left)
Iteration 430 / LogL: -15858.025 / Time: 0h:6m:10s (0h:1m:0s left)
Iteration 440 / LogL: -15846.079 / Time: 0h:6m:19s (0h:0m:51s left)
Iteration 450 / LogL: -15874.203 / Time: 0h:6m:28s (0h:0m:43s left)
Log-likelihood cutoff on original alignment: -15923.703
UPDATE BEST LOG-LIKELIHOOD: -15846.079
Iteration 460 / LogL: -15929.827 / Time: 0h:6m:37s (0h:0m:34s left)
UPDATE BEST LOG-LIKELIHOOD: -15846.079
Iteration 470 / LogL: -15859.889 / Time: 0h:6m:45s (0h:0m:25s left)
Iteration 480 / LogL: -15846.080 / Time: 0h:6m:53s (0h:0m:17s left)
Iteration 490 / LogL: -15907.228 / Time: 0h:7m:1s (0h:0m:8s left)
Iteration 500 / LogL: -15879.599 / Time: 0h:7m:9s (0h:0m:0s left)
Log-likelihood cutoff on original alignment: -15923.703
NOTE: Bootstrap correlation coefficient of split occurrence frequencies: 0.995
TREE SEARCH COMPLETED AFTER 500 ITERATIONS / Time: 0h:7m:9s

--------------------------------------------------------------------
|                    FINALIZING TREE SEARCH                        |
--------------------------------------------------------------------
Performs final model parameters optimization
Estimate model parameters (epsilon = 0.010)
Initial log-likelihood: -15846.079
Current log-likelihood at step 1: -15846.079
Partition-specific rates:  1.542 1.568 0.746 0.687 0.741
Parameters optimization took 0 rounds (0.068 sec)

Partition information was printed to Knuf.rDNA_multi.partitioned.best_model.nex
BEST SCORE FOUND : -15846.079

Testing tree branches by SH-like aLRT with 1000 replicates...
1.544 sec.
Creating bootstrap support values...
Split supports printed to NEXUS file Knuf.rDNA_multi.partitioned.splits.nex
Total tree length: 3.820

Total number of iterations: 500
CPU time used for tree search: 1214.466 sec (0h:20m:14s)
Wall-clock time used for tree search: 416.588 sec (0h:6m:56s)
Total CPU time used: 1250.968 sec (0h:20m:50s)
Total wall-clock time used: 431.942 sec (0h:7m:11s)

Computing bootstrap consensus tree...
Reading input file Knuf.rDNA_multi.partitioned.splits.nex...
63 taxa and 513 splits.
Consensus tree written to Knuf.rDNA_multi.partitioned.contree
Reading input trees file Knuf.rDNA_multi.partitioned.contree
Log-likelihood of consensus tree: -15846.213

Analysis results written to: 
  IQ-TREE report:                Knuf.rDNA_multi.partitioned.iqtree
  Maximum-likelihood tree:       Knuf.rDNA_multi.partitioned.treefile
  Likelihood distances:          Knuf.rDNA_multi.partitioned.mldist

Ultrafast bootstrap approximation results written to:
  Split support values:          Knuf.rDNA_multi.partitioned.splits.nex
  Consensus tree:                Knuf.rDNA_multi.partitioned.contree
  Screen log file:               Knuf.rDNA_multi.partitioned.log

Date and Time: Sat Feb  5 11:01:50 2022
