>ArtcauCBS45767
>ArtfulCBS136243
>ArttarCBS127021
>ArttroCBS134926
>CappelUAMH11090
>ConspCBS123466
>ExoderCBS20735
>KnucalCGMCC317222
>KnucheGS100178
>KnucryDAOM216555
>KnuendUAMH10396
>KnuepiCBS120353
>KnuepiCCFEE5813
>KnuepiCCFEE5814
>KnukarCBS139720
>KnukarCCFEE5732
>KnukarCCFEE5921
>KnukarCCFEE5929
>KnukarCCFEE6001
>KnumarCBS139726
>KnumarCCFEE5716
>KnumarCCFEE5721
>KnumarCCFEE5725
>KnumarCCFEE5726
>KnumarCCFEE5886
>KnumarCCFEE5892
>KnumarCCFEE5902
>KnumarCCFEE5923
>KnumarCCFEE6201
>KnumedCBS139721
>KnumedCCFEE5768
>KnumedCCFEE6205
>KnumedCCFEE6211
>KnuperCBS88595
>KnuperIRAN2553C
>KnupetA95
>KnupetCBS72695
>KnusepCGMCC317337
>Knusp112
>KnuspCBMAI2122
>KnuspCF285360
>KnuspDTO305D4
>KnuspF1A
>KnuspFH2012
>KnuspLS-2015bCGMCC317301
>KnuspMV2018
>KnuspNWHC45700969
>KnuspSD2017
>KnutsuFMR10621
>KnuvalCBS146989
>KnuvatCBS139722
>LitaloCPC35996
>LitgutM1
>LitspCCFEE6069
>Neoalo
>NeocatUAMH4357
>PhacheCH49
>SarpetNIOCCY8
>UDB0768448
>UDB0768474
>UDB0768601
>uncExo
>uncfun1
>uncfun2
>uncfun4
>uncfun5
>unculturedExophiala_2
>unculturedfungus_6
