IQ-TREE multicore version 2.1.1 COVID-edition for Linux 64-bit built Aug 22 2020
Developed by Bui Quang Minh, James Barbetti, Nguyen Lam Tung,
Olga Chernomor, Heiko Schmidt, Dominik Schrempf, Michael Woodhams.

Host:    m02 (AVX, 503 GB RAM)
Command: iqtree2 -s Knuf.rDNA_multi.mfa -p Knufia_multi.partitions.nex -nt AUTO -pre Knuf.rDNA_multi.partitioned -bb 1000 -alrt 1000
Seed:    144026 (Using SPRNG - Scalable Parallel Random Number Generator)
Time:    Sat Feb  5 22:46:32 2022
Kernel:  AVX - auto-detect threads (4 CPU cores detected)

Reading partition model file Knufia_multi.partitions.nex ...
Reading alignment file Knuf.rDNA_multi.mfa ... Fasta format detected
Alignment most likely contains DNA/RNA sequences
Alignment has 68 sequences with 1395 columns, 472 distinct patterns
226 parsimony-informative, 138 singleton sites, 1031 constant sites
                          Gap/Ambiguity  Composition  p-value
   1  ExoderCBS20735             53.48%    passed     64.82%
   2  LitaloCPC35996             57.99%    passed     30.53%
   3  LitgutM1                   58.42%    passed     32.58%
   4  LitspCCFEE6069             58.85%    passed     18.22%
   5  Neoalo                     55.13%    passed     75.73%
   6  KnuspDTO305D4              58.28%    passed     83.32%
   7  NeocatUAMH4357             60.22%    passed     80.72%
   8  uncExo                     53.19%    passed     90.03%
   9  unculturedExophiala_2      62.15%    passed     72.81%
  10  Knusp112                   62.01%    passed     91.80%
  11  uncfun1                    47.53%    passed     95.30%
  12  UDB0768601                 62.15%    passed     86.30%
  13  uncfun4                    55.99%    passed     93.69%
  14  uncfun5                    65.45%    passed     88.68%
  15  UDB0768448                 68.17%    passed     92.14%
  16  UDB0768474                 61.94%    passed     89.47%
  17  KnuspFH2012                60.29%    passed     74.83%
  18  ArtcauCBS45767             59.93%    passed     42.56%
  19  ArtfulCBS136243            60.07%    passed     71.97%
  20  ArttarCBS127021            59.93%    passed     73.09%
  21  ArttroCBS134926            55.63%    passed     93.31%
  22  KnucryDAOM216555           53.12%    passed     75.95%
  23  KnuendUAMH10396            60.86%    passed     57.40%
  24  KnuspCBMAI2122             64.66%    passed     87.98%
  25  KnuperIRAN2553C            60.65%    passed     96.91%
  26  KnuepiCBS120353            61.22%    passed     54.83%
  27  ConspCBS123466             61.51%    passed     66.27%
  28  KnuepiCCFEE5813            58.49%    passed     56.95%
  29  KnuepiCCFEE5814            60.00%    passed     57.63%
  30  KnumedCCFEE6205            57.78%    passed     77.75%
  31  KnumedCCFEE6211            53.48%    passed     95.66%
  32  KnumedCBS139721            57.28%    passed     79.97%
  33  KnumedCCFEE5768            57.13%    passed     79.54%
  34  KnumarCCFEE5726            65.88%    passed     92.03%
  35  KnusepCGMCC317337          61.15%    passed     96.19%
  36  KnuspSD2017                51.76%    passed     79.75%
  37  CappelUAMH11090            60.93%    passed     96.71%
  38  KnuvatCBS139722            56.49%    passed     84.24%
  39  KnuvalCBS146989            55.48%    passed     94.84%
  40  KnupetCBS72695             56.42%    passed     99.64%
  41  KnupetA95                  53.55%    passed     93.42%
  42  PhacheCH49                 16.06%    failed      3.17%
  43  SarpetNIOCCY8              62.44%    passed     98.22%
  44  KnuspF1A                   59.07%    passed     98.67%
  45  KnutsuFMR10621             61.72%    passed     97.48%
  46  KnuspMV2018                46.16%    passed     80.26%
  47  KnuperCBS88595             60.29%    passed     84.99%
  48  KnucalCGMCC317222          60.79%    passed     98.41%
  49  KnuspLS-2015bCGMCC317301   60.29%    passed     95.28%
  50  KnucheGS100178             61.08%    passed     95.73%
  51  KnukarCCFEE6001            58.71%    passed     97.61%
  52  KnukarCCFEE5732            59.07%    passed     98.12%
  53  KnukarCCFEE5921            57.06%    passed     98.87%
  54  KnukarCBS139720            52.97%    passed     95.49%
  55  KnukarCCFEE5929            61.15%    passed     89.39%
  56  KnumarCCFEE5721            59.35%    passed     99.59%
  57  KnumarCCFEE5923            60.07%    passed     99.91%
  58  KnumarCCFEE5725            59.07%    passed     99.92%
  59  KnumarCCFEE5716            59.21%    passed     99.79%
  60  KnumarCCFEE5902            59.28%    passed     99.82%
  61  KnumarCBS139726            61.08%    passed     99.15%
  62  KnumarCCFEE6201            57.06%    passed     99.59%
  63  KnumarCCFEE5886            55.05%    passed     97.74%
  64  KnumarCCFEE5892            57.20%    passed     99.99%
  65  KnuspCF285360              17.92%    failed      3.14%
  66  KnuspNWHC45700969          60.72%    passed     97.04%
  67  uncfun2                    82.65%    passed     78.01%
  68  unculturedfungus_6         82.65%    passed     78.01%
WARNING: 64 sequences contain more than 50% gaps/ambiguity
****  TOTAL                      58.13%  2 sequences failed composition chi2 test (p-value<5%; df=3)

Loading 5 partitions...
Subset	Type	Seqs	Sites	Infor	Invar	Model	Name
1	DNA	68	250	106	100	TIM2e+G4	ITS1
2	DNA	66	229	102	88	TPM2+F+G4	ITS2
3	DNA	66	160	59	78	JC+I	5_8S
4	DNA	68	607	223	291	JC	LSU
5	DNA	66	168	65	79	JC	SSU
Degree of missing data: 0.012
Info: multi-threading strategy over partitions

NOTE: KnupetA95 is identical to KnupetCBS72695 but kept for subsequent analysis
NOTE: KnumarCCFEE5886 is identical to KnumarCCFEE6201 but kept for subsequent analysis
NOTE: 1 identical sequences (see below) will be ignored for subsequent analysis
NOTE: KnumarCCFEE5892 (identical to KnumarCCFEE6201) is ignored but added at the end
Alignment was printed to Knuf.rDNA_multi.partitioned.uniqueseq.phy

For your convenience alignment with unique sequences printed to Knuf.rDNA_multi.partitioned.uniqueseq.phy

Create initial parsimony tree by phylogenetic likelihood library (PLL)... 0.037 seconds
Generating 1000 samples for ultrafast bootstrap (seed: 144026)...

NOTE: 7 MB RAM (0 GB) is required!
Measuring multi-threading efficiency up to 4 CPU cores
Increase to 10 rounds for branch lengths
13 trees examined
Threads: 1 / Time: 4.069 sec / Speedup: 1.000 / Efficiency: 100% / LogL: -26917
Threads: 2 / Time: 2.694 sec / Speedup: 1.510 / Efficiency: 76% / LogL: -26917
Threads: 3 / Time: 2.584 sec / Speedup: 1.575 / Efficiency: 52% / LogL: -26917
Threads: 4 / Time: 2.447 sec / Speedup: 1.663 / Efficiency: 42% / LogL: -26917
BEST NUMBER OF THREADS: 2

Estimate model parameters (epsilon = 0.100)
Initial log-likelihood: -13614.384
Current log-likelihood at step 1: -13345.588
Current log-likelihood at step 2: -13336.624
Current log-likelihood at step 3: -13336.577
Partition-specific rates:  1.416 1.452 0.772 0.788 0.747
Parameters optimization took 2 rounds (0.463 sec)

Computing ML distances based on estimated model parameters...
Computing ML distances took 0.000844 sec (of wall-clock time) 0.000681 sec(of CPU time)
WARNING: Some pairwise ML distances are too long (saturated)
Computing RapidNJ tree took 0.001233 sec (of wall-clock time) 0.002944 sec (of CPU time)
Log-likelihood of RapidNJ tree: -25254.026
--------------------------------------------------------------------
|             INITIALIZING CANDIDATE TREE SET                      |
--------------------------------------------------------------------
Generating 98 parsimony trees... 3.217 second
Computing log-likelihood of 98 initial trees ... 3.241 seconds
Current best score: -13301.954

Do NNI search on 20 best initial trees
Estimate model parameters (epsilon = 0.100)
Initial log-likelihood: -13292.775
Current log-likelihood at step 1: -13292.694
Parameters optimization took 0 rounds (0.072 sec)

BETTER TREE FOUND at iteration 1: -13292.694
Iteration 10 / LogL: -13302.188 / Time: 0h:0m:26s
Estimate model parameters (epsilon = 0.100)
Initial log-likelihood: -13290.727
Current log-likelihood at step 1: -13290.712
Parameters optimization took 0 rounds (0.060 sec)

BETTER TREE FOUND at iteration 14: -13290.712
Iteration 20 / LogL: -13313.551 / Time: 0h:0m:34s
Finish initializing candidate tree set (19)
Current best tree score: -13290.712 / CPU time: 21.570
Number of iterations: 20
--------------------------------------------------------------------
|               OPTIMIZING CANDIDATE TREE SET                      |
--------------------------------------------------------------------
Iteration 30 / LogL: -13290.742 / Time: 0h:0m:44s (0h:2m:9s left)
Iteration 40 / LogL: -13290.765 / Time: 0h:0m:53s (0h:1m:40s left)
Estimate model parameters (epsilon = 0.100)
Initial log-likelihood: -13290.612
Current log-likelihood at step 1: -13290.611
Parameters optimization took 0 rounds (0.056 sec)

UPDATE BEST LOG-LIKELIHOOD: -13290.611
BETTER TREE FOUND at iteration 49: -13290.611
Iteration 50 / LogL: -13290.674 / Time: 0h:1m:1s (0h:2m:4s left)
Log-likelihood cutoff on original alignment: -13368.152
Iteration 60 / LogL: -13290.688 / Time: 0h:1m:10s (0h:1m:45s left)
Iteration 70 / LogL: -13319.154 / Time: 0h:1m:19s (0h:1m:30s left)
BETTER TREE FOUND at iteration 76: -13290.611
Iteration 80 / LogL: -13315.578 / Time: 0h:1m:28s (0h:1m:47s left)
Iteration 90 / LogL: -13331.543 / Time: 0h:1m:37s (0h:1m:34s left)
Iteration 100 / LogL: -13303.564 / Time: 0h:1m:47s (0h:1m:22s left)
Log-likelihood cutoff on original alignment: -13368.152
NOTE: Bootstrap correlation coefficient of split occurrence frequencies: 0.995
Iteration 110 / LogL: -13307.951 / Time: 0h:1m:56s (0h:1m:36s left)
Iteration 120 / LogL: -13290.613 / Time: 0h:2m:6s (0h:1m:24s left)
Iteration 130 / LogL: -13290.613 / Time: 0h:2m:18s (0h:1m:15s left)
Iteration 140 / LogL: -13292.815 / Time: 0h:2m:27s (0h:1m:3s left)
Iteration 150 / LogL: -13304.814 / Time: 0h:2m:37s (0h:0m:52s left)
Log-likelihood cutoff on original alignment: -13368.152
UPDATE BEST LOG-LIKELIHOOD: -13290.610
Iteration 160 / LogL: -13290.614 / Time: 0h:2m:46s (0h:0m:41s left)
Iteration 170 / LogL: -13290.626 / Time: 0h:2m:56s (0h:0m:31s left)
WARNING: bootstrap analysis did not converge. You should rerun with higher number of iterations (-nm option)
TREE SEARCH COMPLETED AFTER 177 ITERATIONS / Time: 0h:3m:4s

--------------------------------------------------------------------
|                    FINALIZING TREE SEARCH                        |
--------------------------------------------------------------------
Performs final model parameters optimization
Estimate model parameters (epsilon = 0.010)
Initial log-likelihood: -13290.610
Current log-likelihood at step 1: -13290.610
Partition-specific rates:  1.403 1.435 0.787 0.794 0.754
Parameters optimization took 0 rounds (0.051 sec)

Partition information was printed to Knuf.rDNA_multi.partitioned.best_model.nex
BEST SCORE FOUND : -13290.610

Testing tree branches by SH-like aLRT with 1000 replicates...
2.376 sec.
Creating bootstrap support values...
Split supports printed to NEXUS file Knuf.rDNA_multi.partitioned.splits.nex
Total tree length: 2.484

Total number of iterations: 177
CPU time used for tree search: 335.751 sec (0h:5m:35s)
Wall-clock time used for tree search: 171.467 sec (0h:2m:51s)
Total CPU time used: 370.049 sec (0h:6m:10s)
Total wall-clock time used: 186.959 sec (0h:3m:6s)

Computing bootstrap consensus tree...
Reading input file Knuf.rDNA_multi.partitioned.splits.nex...
67 taxa and 431 splits.
Consensus tree written to Knuf.rDNA_multi.partitioned.contree
Reading input trees file Knuf.rDNA_multi.partitioned.contree
Log-likelihood of consensus tree: -13290.653

Analysis results written to: 
  IQ-TREE report:                Knuf.rDNA_multi.partitioned.iqtree
  Maximum-likelihood tree:       Knuf.rDNA_multi.partitioned.treefile
  Likelihood distances:          Knuf.rDNA_multi.partitioned.mldist

Ultrafast bootstrap approximation results written to:
  Split support values:          Knuf.rDNA_multi.partitioned.splits.nex
  Consensus tree:                Knuf.rDNA_multi.partitioned.contree
  Screen log file:               Knuf.rDNA_multi.partitioned.log

Date and Time: Sat Feb  5 22:49:39 2022
