Clasp115
ClasilCBS109082
ClaphaCBS128769
ClaacaCBS125982
ClapiniCBS124456
ClacolCBS27480B
ClasphaCBS1935
ClasubCBS113754
ClaherCBS121626
ClaxanCPC1160
ClatenCBS125995
ClasubCBS12655
ClaverrCBS126363
ClavarCBS126362
ClascaCBS126358
ClaphyCBS126355
ClamyrCBS126350
ClairaCBS126346
ClaflaCBS126345
ClaaspCBS126340
ClaxylCBS125997
ClaperCBS125996
ClarecCBS125994
ClapseCBS125993
ConapoMG3
ConspMA4666
UncDikPA2009E20
UncConCHiv50
BonspMCF2
ConapoCBS35297
UncfunCMH294
UncfunC12001
FunspTRN471
RaccboCBS125424
RaclucCBS12162
RacmcmCCFEE5211
RacspCC2021a
RacameCBS124774
RaceucCBS138900
OlemirCCFEE5523
OlespUFMGCB12624
OlemirEXF13080
OlemirCCFEE5522
