Dothsp119
ZalalbDAOMC250847
UncfunLX042399
UncfunHG764536
AscspNWHC46419
StispMK136
SarcruUAMH4286
UncfunL049481
UncfunLR993703
Funend9042
AurspRF2017a
ZarlobsDAOMC250849
SchspJY119
ElsoleCBS22759
ElspitCBS22750
ElsmanCBS22650
Elscal22150
ElszizCBS37862
ElshevCBS17956
ElslepCBS22550
ElsjasCBS22450
ElsdioCBS22350
ElscenCBS22250
ElsarruCBS22050
ElsphaCBS16531
ElsfawCBS13925
DelbalDJOB080615
DelabiKX364384
DelstroCBS73571
Delabi10669
SydpolRBEB250515
GroabiCbFap2016
AurpulEXF915
AurpulCBS100280
AurpulEXF150
AurpulCBS70176
MyrdurCBS26036
MyrharCBS30034
MyrhisCBS24733
MyrspEF109
